<?xml version="1.0" encoding="UTF-8"?>
<!-- Generated by org.testng.reporters.JUnitXMLReporter -->
<testsuite hostname="PC" name="Default test" tests="3" failures="0" timestamp="13 Jul 2015 12:15:46 GMT" time="0.035" errors="0">
  <testcase name="MultiplyingTestCopy" time="0.008" classname="com.comarch.training.FailingCases"/>
  <testcase name="MultiplyingTestCopy" time="0.001" classname="com.comarch.training.FailingCases"/>
  <testcase name="MultiplyingTestCopy" time="0.001" classname="com.comarch.training.FailingCases"/>
</testsuite> <!-- Default test -->
