<?xml version="1.0" encoding="UTF-8"?>
<!-- Generated by org.testng.reporters.JUnitXMLReporter -->
<testsuite hostname="PC" name="exampletest1" tests="1" failures="1" timestamp="13 Jul 2015 12:12:00 GMT" time="0.039" errors="0">
  <testcase name="MultiplyingTestCopy" time="0.001" classname="com.comarch.training.FailingCases">
    <failure type="java.lang.IllegalArgumentException" message="argument type mismatch">
      <![CDATA[java.lang.IllegalArgumentException: argument type mismatch
... Removed 27 stack frames]]>
    </failure>
  </testcase> <!-- MultiplyingTestCopy -->
</testsuite> <!-- exampletest1 -->
